<?xml version="1.0" encoding="UTF-8" ?>
<testsuite tests="11" failures="0" name="models.SquadTest" time="0.007" errors="0" skipped="0">
  <properties>
[...]
</properties>
  <testcase classname="models.SquadTest" name="all_retrievesAllOfSquadInstances_true" time="0.005"/>
  <testcase classname="models.SquadTest" name="addHero_AddsNewHeroToTheSquad_1" time="0"/>
  <testcase classname="models.SquadTest" name="getId_retrievesTheIdOfSquad_1" time="0"/>
  <testcase classname="models.SquadTest" name="getReason_retrievesReasonOfSquadFormation_reason" time="0.001"/>
  <testcase classname="models.SquadTest" name="getHeroes_returnsNoHeroAtStart_0" time="0"/>
  <testcase classname="models.SquadTest" name="instance_instanciateCorrectly_true" time="0.001"/>
  <testcase classname="models.SquadTest" name="find_retrievesAnInstanceGivenTheId_testHero" time="0"/>
  <testcase classname="models.SquadTest" name="getName_retrievesNameOfSquad_name" time="0"/>
  <testcase classname="models.SquadTest" name="getSize_retrievesSizeOfSquad_size" time="0"/>
  <testcase classname="models.SquadTest" name="clear_clearsThArrayListContainingTheSquadInstances_0" time="0"/>
  <testcase classname="models.SquadTest" name="heroExist_ensuresOneHeroAtATime_true" time="0"/>
</testsuite>